
9월 18, 2023 13:27:56.829 NEW SESSION
9월 18, 2023 13:27:56.829 INFO: Created TensorFlow Lite XNNPACK delegate for CPU.
9월 18, 2023 14:38:50.232 INFO: Created TensorFlow Lite XNNPACK delegate for CPU.
9월 18, 2023 14:39:50.387 INFO: Created TensorFlow Lite XNNPACK delegate for CPU.
9월 18, 2023 14:41:04.873 INFO: Created TensorFlow Lite XNNPACK delegate for CPU.
9월 18, 2023 14:43:46.371 INFO: Created TensorFlow Lite XNNPACK delegate for CPU.
9월 18, 2023 14:58:06.620 INFO: Created TensorFlow Lite XNNPACK delegate for CPU.
9월 18, 2023 15:04:37.576 INFO: Created TensorFlow Lite XNNPACK delegate for CPU.
9월 18, 2023 15:36:15.158 INFO: Created TensorFlow Lite XNNPACK delegate for CPU.
9월 18, 2023 15:39:39.350 INFO: Created TensorFlow Lite XNNPACK delegate for CPU.
9월 18, 2023 15:40:17.198 INFO: Created TensorFlow Lite XNNPACK delegate for CPU.
9월 18, 2023 15:50:41.992 INFO: Created TensorFlow Lite XNNPACK delegate for CPU.
9월 18, 2023 16:16:22.456 INFO: Created TensorFlow Lite XNNPACK delegate for CPU.
9월 18, 2023 16:48:02.423 INFO: Created TensorFlow Lite XNNPACK delegate for CPU.
9월 18, 2023 16:52:44.998 INFO: Created TensorFlow Lite XNNPACK delegate for CPU.
9월 18, 2023 16:53:40.299 INFO: Created TensorFlow Lite XNNPACK delegate for CPU.
9월 18, 2023 16:54:23.503 INFO: Created TensorFlow Lite XNNPACK delegate for CPU.
9월 18, 2023 16:54:40.334 INFO: Created TensorFlow Lite XNNPACK delegate for CPU.
9월 18, 2023 16:56:25.567 INFO: Created TensorFlow Lite XNNPACK delegate for CPU.
9월 18, 2023 16:58:32.592 INFO: Created TensorFlow Lite XNNPACK delegate for CPU.
9월 18, 2023 17:24:34.191 INFO: Created TensorFlow Lite XNNPACK delegate for CPU.
9월 18, 2023 17:27:33.545 INFO: Created TensorFlow Lite XNNPACK delegate for CPU.
9월 18, 2023 17:56:45.391 INFO: Created TensorFlow Lite XNNPACK delegate for CPU.
9월 18, 2023 17:57:12.615 INFO: Created TensorFlow Lite XNNPACK delegate for CPU.
9월 18, 2023 18:00:42.466 INFO: Created TensorFlow Lite XNNPACK delegate for CPU.
9월 18, 2023 18:01:48.445 INFO: Created TensorFlow Lite XNNPACK delegate for CPU.
9월 18, 2023 18:06:19.661 INFO: Created TensorFlow Lite XNNPACK delegate for CPU.
9월 18, 2023 18:07:35.254 INFO: Created TensorFlow Lite XNNPACK delegate for CPU.
9월 18, 2023 18:09:05.730 INFO: Created TensorFlow Lite XNNPACK delegate for CPU.
9월 18, 2023 18:17:16.320 INFO: Created TensorFlow Lite XNNPACK delegate for CPU.
9월 18, 2023 18:17:39.917 INFO: Created TensorFlow Lite XNNPACK delegate for CPU.
9월 18, 2023 18:18:41.458 INFO: Created TensorFlow Lite XNNPACK delegate for CPU.
9월 18, 2023 18:20:00.539 INFO: Created TensorFlow Lite XNNPACK delegate for CPU.
9월 18, 2023 18:20:22.600 INFO: Created TensorFlow Lite XNNPACK delegate for CPU.
9월 18, 2023 18:23:52.927 INFO: Created TensorFlow Lite XNNPACK delegate for CPU.
9월 18, 2023 18:26:47.187 INFO: Created TensorFlow Lite XNNPACK delegate for CPU.
9월 18, 2023 18:27:52.906 INFO: Created TensorFlow Lite XNNPACK delegate for CPU.
9월 18, 2023 18:33:11.367 INFO: Created TensorFlow Lite XNNPACK delegate for CPU.

9월 18, 2023 18:34:54.903 NEW SESSION
9월 18, 2023 18:34:54.903 INFO: Created TensorFlow Lite XNNPACK delegate for CPU.
9월 18, 2023 18:36:43.582 INFO: Created TensorFlow Lite XNNPACK delegate for CPU.
9월 18, 2023 18:37:53.902 INFO: Created TensorFlow Lite XNNPACK delegate for CPU.
9월 18, 2023 18:41:19.716 INFO: Created TensorFlow Lite XNNPACK delegate for CPU.
9월 18, 2023 18:42:45.375 INFO: Created TensorFlow Lite XNNPACK delegate for CPU.
9월 18, 2023 18:44:56.356 INFO: Created TensorFlow Lite XNNPACK delegate for CPU.

9월 19, 2023 12:26:14.957 NEW SESSION
9월 19, 2023 12:26:14.957 INFO: Created TensorFlow Lite XNNPACK delegate for CPU.
9월 19, 2023 12:27:08.171 INFO: Created TensorFlow Lite XNNPACK delegate for CPU.
9월 19, 2023 12:44:27.623 INFO: Created TensorFlow Lite XNNPACK delegate for CPU.
9월 19, 2023 12:54:49.644 INFO: Created TensorFlow Lite XNNPACK delegate for CPU.
9월 19, 2023 13:01:26.450 INFO: Created TensorFlow Lite XNNPACK delegate for CPU.
9월 19, 2023 13:11:37.520 INFO: Created TensorFlow Lite XNNPACK delegate for CPU.
9월 19, 2023 14:27:59.50 INFO: Created TensorFlow Lite XNNPACK delegate for CPU.
9월 19, 2023 14:46:50.766 INFO: Created TensorFlow Lite XNNPACK delegate for CPU.
9월 19, 2023 15:03:43.930 INFO: Created TensorFlow Lite XNNPACK delegate for CPU.
9월 19, 2023 16:07:09.605 INFO: Created TensorFlow Lite XNNPACK delegate for CPU.
9월 19, 2023 17:36:53.415 INFO: Created TensorFlow Lite XNNPACK delegate for CPU.
9월 19, 2023 17:38:11.706 INFO: Created TensorFlow Lite XNNPACK delegate for CPU.
9월 19, 2023 17:47:46.258 INFO: Created TensorFlow Lite XNNPACK delegate for CPU.
9월 19, 2023 17:53:17.441 INFO: Created TensorFlow Lite XNNPACK delegate for CPU.
9월 19, 2023 17:57:28.205 INFO: Created TensorFlow Lite XNNPACK delegate for CPU.
9월 19, 2023 17:57:51.196 INFO: Created TensorFlow Lite XNNPACK delegate for CPU.
9월 19, 2023 17:58:43.191 INFO: Created TensorFlow Lite XNNPACK delegate for CPU.
9월 19, 2023 18:00:28.18 INFO: Created TensorFlow Lite XNNPACK delegate for CPU.
9월 19, 2023 18:04:05.23 INFO: Created TensorFlow Lite XNNPACK delegate for CPU.
9월 19, 2023 18:04:18.773 INFO: Created TensorFlow Lite XNNPACK delegate for CPU.
9월 19, 2023 18:18:02.488 INFO: Created TensorFlow Lite XNNPACK delegate for CPU.
9월 19, 2023 18:26:44.707 INFO: Created TensorFlow Lite XNNPACK delegate for CPU.
9월 19, 2023 18:27:48.923 INFO: Created TensorFlow Lite XNNPACK delegate for CPU.

9월 20, 2023 12:11:16.758 NEW SESSION
9월 20, 2023 12:11:16.758 INFO: Created TensorFlow Lite XNNPACK delegate for CPU.
9월 20, 2023 12:14:14.952 INFO: Created TensorFlow Lite XNNPACK delegate for CPU.
9월 20, 2023 12:17:36.34 INFO: Created TensorFlow Lite XNNPACK delegate for CPU.
9월 20, 2023 12:23:31.19 INFO: Created TensorFlow Lite XNNPACK delegate for CPU.
9월 20, 2023 12:24:29.488 INFO: Created TensorFlow Lite XNNPACK delegate for CPU.
9월 20, 2023 12:59:31.61 INFO: Created TensorFlow Lite XNNPACK delegate for CPU.
9월 20, 2023 13:24:18.627 INFO: Created TensorFlow Lite XNNPACK delegate for CPU.
9월 20, 2023 13:24:39.759 INFO: Created TensorFlow Lite XNNPACK delegate for CPU.
9월 20, 2023 14:42:28.830 INFO: Created TensorFlow Lite XNNPACK delegate for CPU.
9월 20, 2023 14:42:58.947 INFO: Created TensorFlow Lite XNNPACK delegate for CPU.
9월 20, 2023 15:09:08.306 INFO: Created TensorFlow Lite XNNPACK delegate for CPU.
9월 20, 2023 15:10:14.915 INFO: Created TensorFlow Lite XNNPACK delegate for CPU.
9월 20, 2023 15:10:55.709 INFO: Created TensorFlow Lite XNNPACK delegate for CPU.
9월 20, 2023 15:23:33.920 INFO: Created TensorFlow Lite XNNPACK delegate for CPU.
9월 20, 2023 15:30:01.709 INFO: Created TensorFlow Lite XNNPACK delegate for CPU.
9월 20, 2023 15:36:14.362 INFO: Created TensorFlow Lite XNNPACK delegate for CPU.
9월 20, 2023 15:37:14.114 INFO: Created TensorFlow Lite XNNPACK delegate for CPU.
9월 20, 2023 15:37:35.799 INFO: Created TensorFlow Lite XNNPACK delegate for CPU.
9월 20, 2023 15:38:08.506 INFO: Created TensorFlow Lite XNNPACK delegate for CPU.
9월 20, 2023 15:38:59.375 INFO: Created TensorFlow Lite XNNPACK delegate for CPU.
9월 20, 2023 15:40:25.851 INFO: Created TensorFlow Lite XNNPACK delegate for CPU.
9월 20, 2023 15:40:56.838 INFO: Created TensorFlow Lite XNNPACK delegate for CPU.
9월 20, 2023 15:42:00.910 INFO: Created TensorFlow Lite XNNPACK delegate for CPU.
9월 20, 2023 15:43:34.875 INFO: Created TensorFlow Lite XNNPACK delegate for CPU.
9월 20, 2023 15:50:49.919 INFO: Created TensorFlow Lite XNNPACK delegate for CPU.
9월 20, 2023 15:51:29.410 INFO: Created TensorFlow Lite XNNPACK delegate for CPU.

9월 20, 2023 17:49:45.100 NEW SESSION
9월 20, 2023 17:49:45.100 INFO: Created TensorFlow Lite XNNPACK delegate for CPU.
9월 20, 2023 17:50:36.170 INFO: Created TensorFlow Lite XNNPACK delegate for CPU.
9월 20, 2023 17:51:04.897 INFO: Created TensorFlow Lite XNNPACK delegate for CPU.
9월 20, 2023 17:52:45.651 INFO: Created TensorFlow Lite XNNPACK delegate for CPU.

9월 20, 2023 17:53:34.599 NEW SESSION
9월 20, 2023 17:53:34.599 INFO: Created TensorFlow Lite XNNPACK delegate for CPU.
9월 20, 2023 17:56:48.294 INFO: Created TensorFlow Lite XNNPACK delegate for CPU.
9월 20, 2023 18:03:59.418 INFO: Created TensorFlow Lite XNNPACK delegate for CPU.
9월 20, 2023 18:12:46.585 INFO: Created TensorFlow Lite XNNPACK delegate for CPU.
9월 20, 2023 18:13:18.136 INFO: Created TensorFlow Lite XNNPACK delegate for CPU.
9월 20, 2023 18:14:08.38 INFO: Created TensorFlow Lite XNNPACK delegate for CPU.

9월 30, 2023 15:54:20.71 NEW SESSION
9월 30, 2023 15:54:20.71 INFO: Created TensorFlow Lite XNNPACK delegate for CPU.
9월 30, 2023 16:12:02.547 INFO: Created TensorFlow Lite XNNPACK delegate for CPU.
9월 30, 2023 16:12:37.19 INFO: Created TensorFlow Lite XNNPACK delegate for CPU.
9월 30, 2023 16:16:21.369 INFO: Created TensorFlow Lite XNNPACK delegate for CPU.
9월 30, 2023 16:21:11.16 INFO: Created TensorFlow Lite XNNPACK delegate for CPU.

10월 05, 2023 14:35:30.731 NEW SESSION
10월 05, 2023 14:35:30.731 INFO: Created TensorFlow Lite XNNPACK delegate for CPU.
10월 05, 2023 16:34:51.251 INFO: Created TensorFlow Lite XNNPACK delegate for CPU.
10월 05, 2023 16:37:59.437 INFO: Created TensorFlow Lite XNNPACK delegate for CPU.
10월 05, 2023 16:40:55.75 INFO: Created TensorFlow Lite XNNPACK delegate for CPU.
10월 05, 2023 16:41:28.741 INFO: Created TensorFlow Lite XNNPACK delegate for CPU.
10월 05, 2023 17:21:27.54 INFO: Created TensorFlow Lite XNNPACK delegate for CPU.
10월 05, 2023 17:50:23.660 INFO: Created TensorFlow Lite XNNPACK delegate for CPU.
10월 05, 2023 18:02:00.335 INFO: Created TensorFlow Lite XNNPACK delegate for CPU.

10월 06, 2023 10:42:54.729 NEW SESSION
10월 06, 2023 10:42:54.729 INFO: Created TensorFlow Lite XNNPACK delegate for CPU.
10월 06, 2023 12:15:56.383 INFO: Created TensorFlow Lite XNNPACK delegate for CPU.
10월 06, 2023 12:22:29.472 INFO: Created TensorFlow Lite XNNPACK delegate for CPU.
10월 06, 2023 12:22:47.790 INFO: Created TensorFlow Lite XNNPACK delegate for CPU.
10월 06, 2023 12:22:55.769 [2872:4000:1006/122255.769:ERROR:get_updates_processor.cc(261)] PostClientToServerMessage() failed during GetUpdates with error 2
10월 06, 2023 12:23:23.435 INFO: Created TensorFlow Lite XNNPACK delegate for CPU.
10월 06, 2023 13:02:27.920 INFO: Created TensorFlow Lite XNNPACK delegate for CPU.
10월 06, 2023 13:06:44.188 INFO: Created TensorFlow Lite XNNPACK delegate for CPU.
10월 06, 2023 16:54:35.638 INFO: Created TensorFlow Lite XNNPACK delegate for CPU.
10월 06, 2023 16:56:05.725 INFO: Created TensorFlow Lite XNNPACK delegate for CPU.

10월 10, 2023 10:49:11.806 NEW SESSION
10월 10, 2023 10:49:11.806 INFO: Created TensorFlow Lite XNNPACK delegate for CPU.
10월 10, 2023 11:53:23.582 INFO: Created TensorFlow Lite XNNPACK delegate for CPU.
10월 10, 2023 12:54:31.945 INFO: Created TensorFlow Lite XNNPACK delegate for CPU.
10월 10, 2023 13:12:09.238 INFO: Created TensorFlow Lite XNNPACK delegate for CPU.
10월 10, 2023 13:13:43.284 INFO: Created TensorFlow Lite XNNPACK delegate for CPU.
10월 10, 2023 13:14:04.928 INFO: Created TensorFlow Lite XNNPACK delegate for CPU.
10월 10, 2023 13:19:38.672 INFO: Created TensorFlow Lite XNNPACK delegate for CPU.
10월 10, 2023 13:23:27.937 INFO: Created TensorFlow Lite XNNPACK delegate for CPU.
10월 10, 2023 14:00:41.38 INFO: Created TensorFlow Lite XNNPACK delegate for CPU.
10월 10, 2023 14:01:29.120 INFO: Created TensorFlow Lite XNNPACK delegate for CPU.
10월 10, 2023 14:34:49.272 INFO: Created TensorFlow Lite XNNPACK delegate for CPU.
10월 10, 2023 14:37:29.527 INFO: Created TensorFlow Lite XNNPACK delegate for CPU.
10월 10, 2023 14:38:16.38 INFO: Created TensorFlow Lite XNNPACK delegate for CPU.
10월 10, 2023 15:47:58.194 INFO: Created TensorFlow Lite XNNPACK delegate for CPU.
10월 10, 2023 15:59:43.290 INFO: Created TensorFlow Lite XNNPACK delegate for CPU.
10월 10, 2023 16:38:38.379 INFO: Created TensorFlow Lite XNNPACK delegate for CPU.

10월 11, 2023 09:55:52.768 NEW SESSION
10월 11, 2023 09:55:52.768 INFO: Created TensorFlow Lite XNNPACK delegate for CPU.
10월 11, 2023 09:56:25.982 INFO: Created TensorFlow Lite XNNPACK delegate for CPU.
10월 11, 2023 17:06:39.598 INFO: Created TensorFlow Lite XNNPACK delegate for CPU.
10월 11, 2023 17:07:10.903 INFO: Created TensorFlow Lite XNNPACK delegate for CPU.
10월 11, 2023 17:11:41.656 INFO: Created TensorFlow Lite XNNPACK delegate for CPU.
10월 11, 2023 17:13:12.284 INFO: Created TensorFlow Lite XNNPACK delegate for CPU.
10월 11, 2023 17:48:45.47 INFO: Created TensorFlow Lite XNNPACK delegate for CPU.
10월 11, 2023 17:49:11.226 INFO: Created TensorFlow Lite XNNPACK delegate for CPU.
10월 11, 2023 17:49:40.829 INFO: Created TensorFlow Lite XNNPACK delegate for CPU.
10월 11, 2023 17:50:11.459 INFO: Created TensorFlow Lite XNNPACK delegate for CPU.

10월 12, 2023 12:03:48.355 NEW SESSION
10월 12, 2023 12:03:48.355 INFO: Created TensorFlow Lite XNNPACK delegate for CPU.
10월 12, 2023 12:08:31.199 INFO: Created TensorFlow Lite XNNPACK delegate for CPU.
10월 12, 2023 12:53:23.656 INFO: Created TensorFlow Lite XNNPACK delegate for CPU.
10월 12, 2023 12:54:27.916 INFO: Created TensorFlow Lite XNNPACK delegate for CPU.
10월 12, 2023 12:56:48.40 INFO: Created TensorFlow Lite XNNPACK delegate for CPU.
10월 12, 2023 12:57:41.169 INFO: Created TensorFlow Lite XNNPACK delegate for CPU.
10월 12, 2023 12:59:01.250 INFO: Created TensorFlow Lite XNNPACK delegate for CPU.
10월 12, 2023 13:00:19.307 INFO: Created TensorFlow Lite XNNPACK delegate for CPU.
10월 12, 2023 13:12:47.336 INFO: Created TensorFlow Lite XNNPACK delegate for CPU.
10월 12, 2023 13:17:03.26 INFO: Created TensorFlow Lite XNNPACK delegate for CPU.
10월 12, 2023 13:28:02.278 INFO: Created TensorFlow Lite XNNPACK delegate for CPU.
10월 12, 2023 13:59:23.761 INFO: Created TensorFlow Lite XNNPACK delegate for CPU.
10월 12, 2023 14:00:59.876 INFO: Created TensorFlow Lite XNNPACK delegate for CPU.
10월 12, 2023 14:03:20.47 INFO: Created TensorFlow Lite XNNPACK delegate for CPU.

10월 12, 2023 14:10:57.772 NEW SESSION
10월 12, 2023 14:10:57.772 INFO: Created TensorFlow Lite XNNPACK delegate for CPU.
10월 12, 2023 14:24:43.879 INFO: Created TensorFlow Lite XNNPACK delegate for CPU.
10월 12, 2023 14:33:01.481 INFO: Created TensorFlow Lite XNNPACK delegate for CPU.
10월 12, 2023 14:35:39.592 INFO: Created TensorFlow Lite XNNPACK delegate for CPU.
10월 12, 2023 14:37:02.908 INFO: Created TensorFlow Lite XNNPACK delegate for CPU.
10월 12, 2023 14:44:24.968 INFO: Created TensorFlow Lite XNNPACK delegate for CPU.
10월 12, 2023 14:46:40.591 INFO: Created TensorFlow Lite XNNPACK delegate for CPU.
10월 12, 2023 15:47:26.922 INFO: Created TensorFlow Lite XNNPACK delegate for CPU.
10월 12, 2023 15:49:29.99 INFO: Created TensorFlow Lite XNNPACK delegate for CPU.
10월 12, 2023 15:53:55.407 [5456:12264:1012/155355.407:ERROR:CONSOLE(1)] "Uncaught (in promise) RangeError: Invalid line number 173 in 1-line document", source: devtools://devtools/bundled/devtools-frontend/front_end/third_party/codemirror.next/chunk/codemirror.js (1)
10월 12, 2023 15:56:43.286 INFO: Created TensorFlow Lite XNNPACK delegate for CPU.
10월 12, 2023 15:58:30.199 INFO: Created TensorFlow Lite XNNPACK delegate for CPU.
10월 12, 2023 16:00:36.462 INFO: Created TensorFlow Lite XNNPACK delegate for CPU.
10월 12, 2023 16:24:56.169 [11576:2392:1012/162456.168:ERROR:CONSOLE(1)] "Uncaught (in promise) RangeError: Invalid line number 173 in 1-line document", source: devtools://devtools/bundled/devtools-frontend/front_end/third_party/codemirror.next/chunk/codemirror.js (1)
10월 12, 2023 16:24:59.929 [11576:2392:1012/162459.929:ERROR:CONSOLE(1)] "Uncaught (in promise) RangeError: Invalid line number 173 in 1-line document", source: devtools://devtools/bundled/devtools-frontend/front_end/third_party/codemirror.next/chunk/codemirror.js (1)
10월 12, 2023 16:25:14.62 [11576:2392:1012/162514.062:ERROR:CONSOLE(1)] "Uncaught (in promise) RangeError: Invalid line number 173 in 1-line document", source: devtools://devtools/bundled/devtools-frontend/front_end/third_party/codemirror.next/chunk/codemirror.js (1)
10월 12, 2023 16:25:17.546 [11576:2392:1012/162517.545:ERROR:CONSOLE(1)] "Uncaught (in promise) RangeError: Invalid line number 173 in 1-line document", source: devtools://devtools/bundled/devtools-frontend/front_end/third_party/codemirror.next/chunk/codemirror.js (1)
10월 12, 2023 16:25:38.333 [11576:2392:1012/162538.333:ERROR:CONSOLE(1)] "Uncaught (in promise) RangeError: Invalid line number 173 in 1-line document", source: devtools://devtools/bundled/devtools-frontend/front_end/third_party/codemirror.next/chunk/codemirror.js (1)
10월 12, 2023 18:56:34.101 INFO: Created TensorFlow Lite XNNPACK delegate for CPU.
10월 12, 2023 18:57:27.07 [5044:2756:1012/185727.006:ERROR:CONSOLE(1)] "Uncaught (in promise) RangeError: Invalid line number 173 in 1-line document", source: devtools://devtools/bundled/devtools-frontend/front_end/third_party/codemirror.next/chunk/codemirror.js (1)
10월 12, 2023 18:57:35.707 [5044:2756:1012/185735.707:ERROR:CONSOLE(1)] "Uncaught (in promise) RangeError: Invalid line number 173 in 1-line document", source: devtools://devtools/bundled/devtools-frontend/front_end/third_party/codemirror.next/chunk/codemirror.js (1)

10월 12, 2023 19:04:30.709 NEW SESSION
10월 12, 2023 19:04:30.709 INFO: Created TensorFlow Lite XNNPACK delegate for CPU.
10월 12, 2023 19:08:37.27 INFO: Created TensorFlow Lite XNNPACK delegate for CPU.

10월 13, 2023 09:42:56.315 NEW SESSION
10월 13, 2023 09:42:56.315 INFO: Created TensorFlow Lite XNNPACK delegate for CPU.
10월 13, 2023 10:52:37.293 INFO: Created TensorFlow Lite XNNPACK delegate for CPU.
10월 13, 2023 10:53:14.808 INFO: Created TensorFlow Lite XNNPACK delegate for CPU.
10월 13, 2023 10:53:49.825 INFO: Created TensorFlow Lite XNNPACK delegate for CPU.
10월 13, 2023 10:57:04.444 INFO: Created TensorFlow Lite XNNPACK delegate for CPU.
10월 13, 2023 12:21:35.734 INFO: Created TensorFlow Lite XNNPACK delegate for CPU.
10월 13, 2023 12:27:00.221 INFO: Created TensorFlow Lite XNNPACK delegate for CPU.
10월 13, 2023 12:45:39.414 INFO: Created TensorFlow Lite XNNPACK delegate for CPU.
10월 13, 2023 12:49:28.325 INFO: Created TensorFlow Lite XNNPACK delegate for CPU.
10월 13, 2023 12:57:56.566 INFO: Created TensorFlow Lite XNNPACK delegate for CPU.
10월 13, 2023 12:58:55.322 INFO: Created TensorFlow Lite XNNPACK delegate for CPU.
10월 13, 2023 14:39:59.723 INFO: Created TensorFlow Lite XNNPACK delegate for CPU.
10월 13, 2023 14:42:28.179 INFO: Created TensorFlow Lite XNNPACK delegate for CPU.

10월 18, 2023 10:54:12.493 NEW SESSION
10월 18, 2023 10:54:12.493 INFO: Created TensorFlow Lite XNNPACK delegate for CPU.

10월 23, 2023 11:07:23.432 NEW SESSION
10월 23, 2023 11:07:23.433 [13184:2124:1023/110723.429:ERROR:cert_issuer_source_aia.cc(36)] Error parsing cert retrieved from AIA (as DER):
10월 23, 2023 11:07:23.434 ERROR: Couldn't read tbsCertificate as SEQUENCE
10월 23, 2023 11:07:23.434 ERROR: Failed parsing Certificate
10월 23, 2023 11:07:23.435 
10월 23, 2023 11:07:23.449 [13184:2124:1023/110723.448:ERROR:cert_verify_proc_builtin.cc(701)] CertVerifyProcBuiltin for lelecoder.com failed:
10월 23, 2023 11:07:23.449 ----- Certificate i=0 (CN=lelecoder.com) -----
10월 23, 2023 11:07:23.450 ERROR: Time is after notAfter
10월 23, 2023 11:07:23.450 
10월 23, 2023 11:07:23.451 
10월 23, 2023 13:09:49.07 [2620:10572:1023/130949.007:ERROR:get_updates_processor.cc(261)] PostClientToServerMessage() failed during GetUpdates with error 2

10월 25, 2023 10:54:20.25 NEW SESSION
10월 25, 2023 10:54:20.25 INFO: Created TensorFlow Lite XNNPACK delegate for CPU.
10월 25, 2023 12:13:31.738 [8064:5904:1025/121331.738:ERROR:interface_endpoint_client.cc(702)] Message 0 rejected by interface blink.mojom.WidgetHost
10월 25, 2023 16:39:31.136 [7852:11196:1025/163931.136:ERROR:device_event_log_impl.cc(225)] [16:39:31.136] USB: usb_service_win.cc:104 SetupDiGetDeviceProperty({{A45C254E-DF1C-4EFD-8020-67D146A850E0}, 6}) failed: 요소가 없습니다. (0x490)
10월 25, 2023 17:16:43.188 [7852:10544:1025/171643.187:ERROR:connection_factory_impl.cc(471)] ConnectionHandler failed with net error: -2
10월 25, 2023 17:43:04.133 [7852:11196:1025/174304.133:ERROR:sharing_service.cc(250)] Device un-registration failed with fatal error

10월 29, 2023 16:53:37.723 NEW SESSION
10월 29, 2023 16:53:37.723 [9028:15276:1029/165337.721:ERROR:interface_endpoint_client.cc(702)] Message 1 rejected by interface blink.mojom.WidgetHost
10월 29, 2023 16:53:37.724 [9028:15276:1029/165337.721:ERROR:interface_endpoint_client.cc(702)] Message 1 rejected by interface blink.mojom.WidgetHost
10월 29, 2023 17:02:27.963 [8368:14804:1029/170227.962:ERROR:interface_endpoint_client.cc(702)] Message 1 rejected by interface blink.mojom.WidgetHost
10월 29, 2023 17:02:27.963 [8368:14804:1029/170227.962:ERROR:interface_endpoint_client.cc(702)] Message 1 rejected by interface blink.mojom.WidgetHost

11월 01, 2023 18:53:05.975 NEW SESSION
11월 01, 2023 18:53:05.975 [10592:11144:1101/185305.965:ERROR:cert_verify_proc_builtin.cc(701)] CertVerifyProcBuiltin for fineeun.com failed:
11월 01, 2023 18:53:05.976 ----- Certificate i=0 (O=My Company Ltd,L=Newbury,ST=Berkshire,C=GB) -----
11월 01, 2023 18:53:05.976 ERROR: No matching issuer found
11월 01, 2023 18:53:05.976 
11월 01, 2023 18:53:05.976 
11월 01, 2023 19:06:05.54 [1101/190605.051:ERROR:filesystem_win.cc(130)] GetFileAttributes C:\Users\ICT04_06\AppData\Local\Google\Chrome\User Data\Crashpad\attachments\bccfdff1-306c-41c2-a69f-3305a4e312b2: 지정된 파일을 찾을 수 없습니다. (0x2)
11월 01, 2023 19:06:05.54 [1101/190605.054:ERROR:filesystem_win.cc(130)] GetFileAttributes C:\Users\ICT04_06\AppData\Local\Google\Chrome\User Data\Crashpad\attachments\19f8e928-b2ac-458b-92e3-f315b64e23b2: 지정된 파일을 찾을 수 없습니다. (0x2)
11월 01, 2023 19:06:05.55 [1101/190605.054:ERROR:filesystem_win.cc(130)] GetFileAttributes C:\Users\ICT04_06\AppData\Local\Google\Chrome\User Data\Crashpad\attachments\78146a17-abf5-4197-8060-6d7e86789b60: 지정된 파일을 찾을 수 없습니다. (0x2)
11월 01, 2023 19:06:05.55 [1101/190605.054:ERROR:filesystem_win.cc(130)] GetFileAttributes C:\Users\ICT04_06\AppData\Local\Google\Chrome\User Data\Crashpad\attachments\56ffad5f-b9ed-4aa7-8811-6e5e76283aca: 지정된 파일을 찾을 수 없습니다. (0x2)
11월 01, 2023 19:06:05.55 [1101/190605.055:ERROR:filesystem_win.cc(130)] GetFileAttributes C:\Users\ICT04_06\AppData\Local\Google\Chrome\User Data\Crashpad\attachments\bccfdff1-306c-41c2-a69f-3305a4e312b2: 지정된 파일을 찾을 수 없습니다. (0x2)
11월 01, 2023 19:06:05.55 [1101/190605.055:ERROR:filesystem_win.cc(130)] GetFileAttributes C:\Users\ICT04_06\AppData\Local\Google\Chrome\User Data\Crashpad\attachments\19f8e928-b2ac-458b-92e3-f315b64e23b2: 지정된 파일을 찾을 수 없습니다. (0x2)
11월 01, 2023 19:06:05.55 [1101/190605.055:ERROR:filesystem_win.cc(130)] GetFileAttributes C:\Users\ICT04_06\AppData\Local\Google\Chrome\User Data\Crashpad\attachments\78146a17-abf5-4197-8060-6d7e86789b60: 지정된 파일을 찾을 수 없습니다. (0x2)
11월 01, 2023 19:06:05.55 [1101/190605.055:ERROR:filesystem_win.cc(130)] GetFileAttributes C:\Users\ICT04_06\AppData\Local\Google\Chrome\User Data\Crashpad\attachments\56ffad5f-b9ed-4aa7-8811-6e5e76283aca: 지정된 파일을 찾을 수 없습니다. (0x2)
11월 01, 2023 19:06:05.56 [1101/190605.056:ERROR:filesystem_win.cc(130)] GetFileAttributes C:\Users\ICT04_06\AppData\Local\Google\Chrome\User Data\Crashpad\attachments\bccfdff1-306c-41c2-a69f-3305a4e312b2: 지정된 파일을 찾을 수 없습니다. (0x2)
11월 01, 2023 19:06:05.56 [1101/190605.056:ERROR:filesystem_win.cc(130)] GetFileAttributes C:\Users\ICT04_06\AppData\Local\Google\Chrome\User Data\Crashpad\attachments\19f8e928-b2ac-458b-92e3-f315b64e23b2: 지정된 파일을 찾을 수 없습니다. (0x2)
11월 01, 2023 19:06:05.57 [1101/190605.056:ERROR:filesystem_win.cc(130)] GetFileAttributes C:\Users\ICT04_06\AppData\Local\Google\Chrome\User Data\Crashpad\attachments\78146a17-abf5-4197-8060-6d7e86789b60: 지정된 파일을 찾을 수 없습니다. (0x2)
11월 01, 2023 19:06:05.57 [1101/190605.056:ERROR:filesystem_win.cc(130)] GetFileAttributes C:\Users\ICT04_06\AppData\Local\Google\Chrome\User Data\Crashpad\attachments\56ffad5f-b9ed-4aa7-8811-6e5e76283aca: 지정된 파일을 찾을 수 없습니다. (0x2)
11월 01, 2023 19:06:05.57 [1101/190605.057:ERROR:filesystem_win.cc(130)] GetFileAttributes C:\Users\ICT04_06\AppData\Local\Google\Chrome\User Data\Crashpad\attachments\56ffad5f-b9ed-4aa7-8811-6e5e76283aca: 지정된 파일을 찾을 수 없습니다. (0x2)
11월 01, 2023 19:06:05.57 [1101/190605.057:ERROR:filesystem_win.cc(130)] GetFileAttributes C:\Users\ICT04_06\AppData\Local\Google\Chrome\User Data\Crashpad\attachments\bccfdff1-306c-41c2-a69f-3305a4e312b2: 지정된 파일을 찾을 수 없습니다. (0x2)
11월 01, 2023 19:06:05.62 [1101/190605.057:ERROR:filesystem_win.cc(130)] GetFileAttributes C:\Users\ICT04_06\AppData\Local\Google\Chrome\User Data\Crashpad\attachments\19f8e928-b2ac-458b-92e3-f315b64e23b2: 지정된 파일을 찾을 수 없습니다. (0x2)
11월 01, 2023 19:06:05.62 [1101/190605.057:ERROR:filesystem_win.cc(130)] GetFileAttributes C:\Users\ICT04_06\AppData\Local\Google\Chrome\User Data\Crashpad\attachments\78146a17-abf5-4197-8060-6d7e86789b60: 지정된 파일을 찾을 수 없습니다. (0x2)
11월 01, 2023 19:06:05.62 [1101/190605.061:ERROR:filesystem_win.cc(130)] GetFileAttributes C:\Users\ICT04_06\AppData\Local\Google\Chrome\User Data\Crashpad\attachments\78146a17-abf5-4197-8060-6d7e86789b60: 지정된 파일을 찾을 수 없습니다. (0x2)
11월 01, 2023 19:06:05.62 [1101/190605.062:ERROR:filesystem_win.cc(130)] GetFileAttributes C:\Users\ICT04_06\AppData\Local\Google\Chrome\User Data\Crashpad\attachments\bccfdff1-306c-41c2-a69f-3305a4e312b2: 지정된 파일을 찾을 수 없습니다. (0x2)
11월 01, 2023 19:06:05.62 [1101/190605.062:ERROR:filesystem_win.cc(130)] GetFileAttributes C:\Users\ICT04_06\AppData\Local\Google\Chrome\User Data\Crashpad\attachments\19f8e928-b2ac-458b-92e3-f315b64e23b2: 지정된 파일을 찾을 수 없습니다. (0x2)
11월 01, 2023 19:06:05.62 [1101/190605.062:ERROR:filesystem_win.cc(130)] GetFileAttributes C:\Users\ICT04_06\AppData\Local\Google\Chrome\User Data\Crashpad\attachments\19f8e928-b2ac-458b-92e3-f315b64e23b2: 지정된 파일을 찾을 수 없습니다. (0x2)
11월 01, 2023 19:06:05.64 [1101/190605.064:ERROR:filesystem_win.cc(130)] GetFileAttributes C:\Users\ICT04_06\AppData\Local\Google\Chrome\User Data\Crashpad\attachments\bccfdff1-306c-41c2-a69f-3305a4e312b2: 지정된 파일을 찾을 수 없습니다. (0x2)
11월 01, 2023 19:06:05.64 [1101/190605.064:ERROR:filesystem_win.cc(130)] GetFileAttributes C:\Users\ICT04_06\AppData\Local\Google\Chrome\User Data\Crashpad\attachments\bccfdff1-306c-41c2-a69f-3305a4e312b2: 지정된 파일을 찾을 수 없습니다. (0x2)
11월 01, 2023 19:06:08.449 [10592:3064:1101/190608.448:ERROR:sharing_service.cc(250)] Device un-registration failed with fatal error

11월 03, 2023 17:49:23.982 NEW SESSION
11월 03, 2023 17:49:23.982 [8616:3568:1103/174923.970:ERROR:device_event_log_impl.cc(192)] [17:49:23.970] Bluetooth: bluetooth_adapter_winrt.cc:1058 Getting Default Adapter failed.

11월 07, 2023 10:17:26.504 NEW SESSION
11월 07, 2023 10:17:26.504 [3040:12148:1107/101726.501:ERROR:device_event_log_impl.cc(192)] [10:17:26.502] Bluetooth: bluetooth_adapter_winrt.cc:1058 Getting Default Adapter failed.
11월 07, 2023 10:33:49.832 [3040:6428:1107/103349.831:ERROR:cert_verify_proc_builtin.cc(696)] CertVerifyProcBuiltin for cookie-sync.api.soundcast.fm failed:
11월 07, 2023 10:33:49.832 ----- Certificate i=0 (CN=*.api.soundcast.fm) -----
11월 07, 2023 10:33:49.832 ERROR: Time is after notAfter
11월 07, 2023 10:33:49.832 
11월 07, 2023 10:33:49.832 
11월 07, 2023 13:12:09.276 [2560:7848:1107/131209.276:ERROR:device_event_log_impl.cc(192)] [13:12:09.276] Bluetooth: bluetooth_adapter_winrt.cc:1058 Getting Default Adapter failed.
11월 07, 2023 14:57:39.844 [2560:7848:1107/145739.844:ERROR:interface_endpoint_client.cc(702)] Message 1 rejected by interface blink.mojom.WidgetHost
11월 07, 2023 14:57:39.845 [2560:7848:1107/145739.844:ERROR:interface_endpoint_client.cc(702)] Message 1 rejected by interface blink.mojom.WidgetHost
11월 07, 2023 14:57:40.383 [2560:7848:1107/145740.383:ERROR:device_event_log_impl.cc(192)] [14:57:40.384] Bluetooth: bluetooth_adapter_winrt.cc:1058 Getting Default Adapter failed.
11월 07, 2023 15:17:01.03 [2560:7848:1107/151701.003:ERROR:interface_endpoint_client.cc(702)] Message 1 rejected by interface blink.mojom.WidgetHost
11월 07, 2023 15:46:46.176 [2560:7848:1107/154646.175:ERROR:interface_endpoint_client.cc(702)] Message 3 rejected by interface blink.mojom.Widget
11월 07, 2023 15:46:46.185 [2560:7848:1107/154646.185:ERROR:interface_endpoint_client.cc(702)] Message 3 rejected by interface blink.mojom.Widget
